<?xml version="1.0" encoding="UTF-8"?>
<testng-results ignored="0" total="1" passed="1" failed="0" skipped="0">
  <reporter-output>
    <line>
      <![CDATA[Opening Browser]]>
    </line>
    <line>
      <![CDATA[Login To the Application]]>
    </line>
    <line>
      <![CDATA[Created Patient Successfully]]>
    </line>
    <line>
      <![CDATA[Logged out of the Application]]>
    </line>
    <line>
      <![CDATA[Closeing Browser]]>
    </line>
  </reporter-output>
  <suite started-at="2026-06-03T18:35:47 IST" name="Suite" finished-at="2026-06-03T18:35:54 IST" duration-ms="7596">
    <groups>
    </groups>
    <test started-at="2026-06-03T18:35:47 IST" name="Test" finished-at="2026-06-03T18:35:54 IST" duration-ms="7596">
      <class name="com.hms.testscript.Doctors_Module_CreatePatient">
        <test-method is-config="true" signature="openBrowser()[pri:0, instance:com.hms.testscript.Doctors_Module_CreatePatient@74e52303]" started-at="2026-06-03T18:35:47 IST" name="openBrowser" finished-at="2026-06-03T18:35:50 IST" duration-ms="3583" status="PASS">
          <reporter-output>
            <line>
              <![CDATA[Opening Browser]]>
            </line>
          </reporter-output>
        </test-method> <!-- openBrowser -->
        <test-method is-config="true" signature="login()[pri:0, instance:com.hms.testscript.Doctors_Module_CreatePatient@74e52303]" started-at="2026-06-03T18:35:50 IST" name="login" finished-at="2026-06-03T18:35:51 IST" duration-ms="675" status="PASS">
          <reporter-output>
            <line>
              <![CDATA[Login To the Application]]>
            </line>
          </reporter-output>
        </test-method> <!-- login -->
        <test-method signature="Patient()[pri:0, instance:com.hms.testscript.Doctors_Module_CreatePatient@74e52303]" started-at="2026-06-03T18:35:51 IST" name="Patient" finished-at="2026-06-03T18:35:51 IST" duration-ms="121" status="PASS">
          <reporter-output>
            <line>
              <![CDATA[Created Patient Successfully]]>
            </line>
          </reporter-output>
        </test-method> <!-- Patient -->
        <test-method is-config="true" signature="logout()[pri:0, instance:com.hms.testscript.Doctors_Module_CreatePatient@74e52303]" started-at="2026-06-03T18:35:51 IST" name="logout" finished-at="2026-06-03T18:35:54 IST" duration-ms="2855" status="PASS">
          <reporter-output>
            <line>
              <![CDATA[Logged out of the Application]]>
            </line>
          </reporter-output>
        </test-method> <!-- logout -->
        <test-method is-config="true" signature="closeBrowser()[pri:0, instance:com.hms.testscript.Doctors_Module_CreatePatient@74e52303]" started-at="2026-06-03T18:35:54 IST" name="closeBrowser" finished-at="2026-06-03T18:35:54 IST" duration-ms="251" status="PASS">
          <reporter-output>
            <line>
              <![CDATA[Closeing Browser]]>
            </line>
          </reporter-output>
        </test-method> <!-- closeBrowser -->
      </class> <!-- com.hms.testscript.Doctors_Module_CreatePatient -->
    </test> <!-- Test -->
  </suite> <!-- Suite -->
</testng-results>
