<?xml version="1.0" encoding="UTF-8"?>
<testng-results ignored="0" total="1" passed="1" failed="0" skipped="0">
  <reporter-output>
    <line>
      <![CDATA[Opening Browser]]>
    </line>
    <line>
      <![CDATA[Login To the Application]]>
    </line>
    <line>
      <![CDATA[Created Patient Successfully]]>
    </line>
    <line>
      <![CDATA[Logged out of the Application]]>
    </line>
    <line>
      <![CDATA[Closeing Browser]]>
    </line>
  </reporter-output>
  <suite started-at="2026-06-03T18:36:12 IST" name="Suite" finished-at="2026-06-03T18:36:19 IST" duration-ms="7615">
    <groups>
    </groups>
    <test started-at="2026-06-03T18:36:12 IST" name="Test" finished-at="2026-06-03T18:36:19 IST" duration-ms="7615">
      <class name="com.hms.testscript.Doctors_Module_CreatePatient">
        <test-method is-config="true" signature="openBrowser()[pri:0, instance:com.hms.testscript.Doctors_Module_CreatePatient@4df50bcc]" started-at="2026-06-03T18:36:12 IST" name="openBrowser" finished-at="2026-06-03T18:36:15 IST" duration-ms="3267" status="PASS">
          <reporter-output>
            <line>
              <![CDATA[Opening Browser]]>
            </line>
          </reporter-output>
        </test-method> <!-- openBrowser -->
        <test-method is-config="true" signature="login()[pri:0, instance:com.hms.testscript.Doctors_Module_CreatePatient@4df50bcc]" started-at="2026-06-03T18:36:15 IST" name="login" finished-at="2026-06-03T18:36:16 IST" duration-ms="774" status="PASS">
          <reporter-output>
            <line>
              <![CDATA[Login To the Application]]>
            </line>
          </reporter-output>
        </test-method> <!-- login -->
        <test-method signature="Patient()[pri:0, instance:com.hms.testscript.Doctors_Module_CreatePatient@4df50bcc]" started-at="2026-06-03T18:36:16 IST" name="Patient" finished-at="2026-06-03T18:36:16 IST" duration-ms="5" status="PASS">
          <reporter-output>
            <line>
              <![CDATA[Created Patient Successfully]]>
            </line>
          </reporter-output>
        </test-method> <!-- Patient -->
        <test-method is-config="true" signature="logout()[pri:0, instance:com.hms.testscript.Doctors_Module_CreatePatient@4df50bcc]" started-at="2026-06-03T18:36:16 IST" name="logout" finished-at="2026-06-03T18:36:19 IST" duration-ms="3020" status="PASS">
          <reporter-output>
            <line>
              <![CDATA[Logged out of the Application]]>
            </line>
          </reporter-output>
        </test-method> <!-- logout -->
        <test-method is-config="true" signature="closeBrowser()[pri:0, instance:com.hms.testscript.Doctors_Module_CreatePatient@4df50bcc]" started-at="2026-06-03T18:36:19 IST" name="closeBrowser" finished-at="2026-06-03T18:36:19 IST" duration-ms="393" status="PASS">
          <reporter-output>
            <line>
              <![CDATA[Closeing Browser]]>
            </line>
          </reporter-output>
        </test-method> <!-- closeBrowser -->
      </class> <!-- com.hms.testscript.Doctors_Module_CreatePatient -->
    </test> <!-- Test -->
  </suite> <!-- Suite -->
</testng-results>
