<?xml version="1.0" encoding="UTF-8"?>
<!-- Generated by org.testng.reporters.JUnitReportReporter -->
<testsuite hostname="Nidhi" failures="0" tests="1" name="com.hms.testscript.Doctors_Module" time="1.514" errors="0" timestamp="2026-06-02T16:35:23 IST" skipped="0">
  <testcase classname="com.hms.testscript.Doctors_Module" name="Create_Patient" time="1.514">
    <system-out>
      <![CDATA[Created Patient]]>
    </system-out>
  </testcase> <!-- Create_Patient -->
  <system-out>
    <![CDATA[Opening Browser
Login To the Application
Created Patient
Logged out of the Application
Closeing Browser]]>
  </system-out>
</testsuite> <!-- com.hms.testscript.Doctors_Module -->
