<?xml version="1.0" encoding="UTF-8"?>
<!-- Generated by org.testng.reporters.JUnitReportReporter -->
<testsuite hostname="Nidhi" failures="0" tests="1" name="com.hms.testscript.Doctors_Module_CreatePatient" time="3.651" errors="0" timestamp="2026-06-03T18:35:55 IST" skipped="0">
  <testcase classname="com.hms.testscript.Doctors_Module_CreatePatient" name="Patient" time="3.651">
    <system-out>
      <![CDATA[Created Patient Successfully]]>
    </system-out>
  </testcase> <!-- Patient -->
  <system-out>
    <![CDATA[Opening Browser
Login To the Application
Created Patient Successfully
Logged out of the Application
Closeing Browser]]>
  </system-out>
</testsuite> <!-- com.hms.testscript.Doctors_Module_CreatePatient -->
